<?xml version="1.0" encoding="UTF-8"?>
<testng-results skipped="0" failed="0" ignored="0" total="1" passed="1">
  <reporter-output>
  </reporter-output>
  <suite name="Suite" duration-ms="42149" started-at="2019-05-16T11:36:49Z" finished-at="2019-05-16T11:37:31Z">
    <groups>
    </groups>
    <test name="Test" duration-ms="42149" started-at="2019-05-16T11:36:49Z" finished-at="2019-05-16T11:37:31Z">
      <class name="scripts.ValidLogin">
        <test-method status="PASS" signature="openApplication()[pri:0, instance:scripts.ValidLogin@598067a5]" name="openApplication" is-config="true" duration-ms="37279" started-at="2019-05-16T11:36:49Z" finished-at="2019-05-16T11:37:26Z">
          <reporter-output>
          </reporter-output>
        </test-method> <!-- openApplication -->
        <test-method status="PASS" signature="testLogin()[pri:0, instance:scripts.ValidLogin@598067a5]" name="testLogin" duration-ms="1632" started-at="2019-05-16T11:37:26Z" finished-at="2019-05-16T11:37:28Z">
          <reporter-output>
          </reporter-output>
        </test-method> <!-- testLogin -->
        <test-method status="PASS" signature="closeApplication(org.testng.ITestResult)[pri:0, instance:scripts.ValidLogin@598067a5]" name="closeApplication" is-config="true" duration-ms="3196" started-at="2019-05-16T11:37:28Z" finished-at="2019-05-16T11:37:31Z">
          <params>
            <param index="0">
              <value>
                <![CDATA[[TestResult name=testLogin status=SUCCESS method=ValidLogin.testLogin()[pri:0, instance:scripts.ValidLogin@598067a5] output={null}]]]>
              </value>
            </param>
          </params>
          <reporter-output>
          </reporter-output>
        </test-method> <!-- closeApplication -->
      </class> <!-- scripts.ValidLogin -->
    </test> <!-- Test -->
  </suite> <!-- Suite -->
</testng-results>
